<?xml version="1.0" encoding="UTF-8"?>
<!-- Generated by org.testng.reporters.JUnitXMLReporter -->
<testsuite hostname="mp-ubn004" ignored="1" name="Hamburger_Test" tests="2" failures="0" timestamp="24 Sep 2019 14:00:26 GMT" time="28.358" errors="0">
  <testcase name="clickOnHamburger" time="11.09" classname="Tescases.Hamburger_Test"/>
  <testcase name="logoIsClickable" time="5.578" classname="Tescases.Hamburger_Test"/>
  <testcase name="menuIconRedirection" time="0.0" classname="Tescases.Hamburger_Test">
    <ignored/>
  </testcase> <!-- menuIconRedirection -->
</testsuite> <!-- Hamburger_Test -->
