<?xml version="1.0" encoding="UTF-8"?>
<!-- Generated by org.testng.reporters.JUnitXMLReporter -->
<testsuite hostname="mp-ubn004" ignored="3" name="Login_Page_Test_01" tests="1" failures="0" timestamp="24 Sep 2019 13:59:57 GMT" time="8.085" errors="0">
  <testcase name="loginSuperadmin" time="0.948" classname="Tescases.Login_Page_Test_01"/>
  <testcase name="validateUserIdRequiredText" time="0.0" classname="Tescases.Login_Page_Test_01">
    <ignored/>
  </testcase> <!-- validateUserIdRequiredText -->
  <testcase name="validatePasswordRequiredText" time="0.0" classname="Tescases.Login_Page_Test_01">
    <ignored/>
  </testcase> <!-- validatePasswordRequiredText -->
  <testcase name="validateEnteringUserCredentials" time="0.0" classname="Tescases.Login_Page_Test_01">
    <ignored/>
  </testcase> <!-- validateEnteringUserCredentials -->
</testsuite> <!-- Login_Page_Test_01 -->
