<?xml version="1.0" encoding="UTF-8"?>
<!-- Generated by org.testng.reporters.JUnitXMLReporter -->
<testsuite hostname="mp-ubn004" ignored="3" name="Default test" tests="1" failures="0" timestamp="23 Sep 2019 12:37:35 GMT" time="16.967" errors="0">
  <testcase name="validateUserIdRequiredText" time="0.849" classname="Tescases.Login_Page_Test_01"/>
  <testcase name="validatePasswordRequiredText" time="0.0" classname="Tescases.Login_Page_Test_01">
    <ignored/>
  </testcase> <!-- validatePasswordRequiredText -->
  <testcase name="loginSuperadmin" time="0.0" classname="Tescases.Login_Page_Test_01">
    <ignored/>
  </testcase> <!-- loginSuperadmin -->
  <testcase name="validateEnteringUserCredentials" time="0.0" classname="Tescases.Login_Page_Test_01">
    <ignored/>
  </testcase> <!-- validateEnteringUserCredentials -->
</testsuite> <!-- Default test -->
